<?xml version="1.0" encoding="UTF-8"?>
<robot generator="Robot 4.0.3 (Python 3.8.10 on darwin)" generated="20220221 08:36:46.292" rpa="false" schemaversion="2">
<suite id="s1" name="Teste Login" source="/Users/viniciusbettiol/Documents/bees/bees/tests/teste_login.robot">
<test id="s1-t1" name="Cenário 01: Login com senha Incorreta">
<kw name="Abrir Navegador" library="resources" type="SETUP">
<kw name="Open Browser" library="SeleniumLibrary">
<arg>about:blank</arg>
<arg>${BROWSER}</arg>
<doc>Opens a new browser instance to the optional ``url``.</doc>
<msg timestamp="20220221 08:36:46.623" level="INFO">Opening browser 'chrome' to base url 'about:blank'.</msg>
<status status="PASS" starttime="20220221 08:36:46.623" endtime="20220221 08:36:53.349"/>
</kw>
<status status="PASS" starttime="20220221 08:36:46.623" endtime="20220221 08:36:53.349"/>
</kw>
<kw name="Dado que estou na página home do site">
<kw name="Acessar a página home do site" library="resources">
<kw name="Go To" library="SeleniumLibrary">
<arg>${URL}</arg>
<doc>Navigates the current browser window to the provided ``url``.</doc>
<msg timestamp="20220221 08:36:53.350" level="INFO">Opening url 'https://www.amazon.com.br/'</msg>
<status status="PASS" starttime="20220221 08:36:53.350" endtime="20220221 08:36:54.701"/>
</kw>
<kw name="Title Should Be" library="SeleniumLibrary">
<arg>${TITLE}</arg>
<doc>Verifies that the current page title equals ``title``.</doc>
<msg timestamp="20220221 08:36:54.706" level="INFO">Page title is 'Amazon.com.br | Compre livros, Kindle, Echo, Fire Tv e mais.'.</msg>
<status status="PASS" starttime="20220221 08:36:54.701" endtime="20220221 08:36:54.706"/>
</kw>
<kw name="Log To Console" library="BuiltIn">
<arg>***Tela 1</arg>
<doc>Logs the given message to the console.</doc>
<status status="PASS" starttime="20220221 08:36:54.706" endtime="20220221 08:36:54.706"/>
</kw>
<kw name="Capture Page Screenshot" library="SeleniumLibrary">
<doc>Takes a screenshot of the current page and embeds it into a log file.</doc>
<msg timestamp="20220221 08:36:55.253" level="INFO" html="true">&lt;/td&gt;&lt;/tr&gt;&lt;tr&gt;&lt;td colspan="3"&gt;&lt;a href="selenium-screenshot-1.png"&gt;&lt;img src="selenium-screenshot-1.png" width="800px"&gt;&lt;/a&gt;</msg>
<status status="PASS" starttime="20220221 08:36:54.707" endtime="20220221 08:36:55.253"/>
</kw>
<status status="PASS" starttime="20220221 08:36:53.350" endtime="20220221 08:36:55.254"/>
</kw>
<status status="PASS" starttime="20220221 08:36:53.349" endtime="20220221 08:36:55.254"/>
</kw>
<kw name="Quando clico no campo para logar no site">
<kw name="Clicar no botão para logar" library="resources">
<kw name="Sleep" library="BuiltIn">
<arg>3</arg>
<doc>Pauses the test executed for the given time.</doc>
<msg timestamp="20220221 08:36:58.257" level="INFO">Slept 3 seconds</msg>
<status status="PASS" starttime="20220221 08:36:55.254" endtime="20220221 08:36:58.258"/>
</kw>
<kw name="Click Element" library="SeleniumLibrary">
<arg>${BOTAO_LOGIN_HOME}</arg>
<doc>Click the element identified by ``locator``.</doc>
<msg timestamp="20220221 08:36:58.259" level="INFO">Clicking element '//*[@id="nav-link-accountList-nav-line-1"]'.</msg>
<status status="PASS" starttime="20220221 08:36:58.258" endtime="20220221 08:36:58.892"/>
</kw>
<kw name="Log To Console" library="BuiltIn">
<arg>***Tela 2</arg>
<doc>Logs the given message to the console.</doc>
<status status="PASS" starttime="20220221 08:36:58.892" endtime="20220221 08:36:58.892"/>
</kw>
<kw name="Capture Page Screenshot" library="SeleniumLibrary">
<doc>Takes a screenshot of the current page and embeds it into a log file.</doc>
<msg timestamp="20220221 08:36:59.168" level="INFO" html="true">&lt;/td&gt;&lt;/tr&gt;&lt;tr&gt;&lt;td colspan="3"&gt;&lt;a href="selenium-screenshot-2.png"&gt;&lt;img src="selenium-screenshot-2.png" width="800px"&gt;&lt;/a&gt;</msg>
<status status="PASS" starttime="20220221 08:36:58.892" endtime="20220221 08:36:59.168"/>
</kw>
<status status="PASS" starttime="20220221 08:36:55.254" endtime="20220221 08:36:59.168"/>
</kw>
<status status="PASS" starttime="20220221 08:36:55.254" endtime="20220221 08:36:59.169"/>
</kw>
<kw name="E preencho os dados do usuário">
<kw name="Adicionar os dados do usuario" library="resources">
<kw name="Input Text" library="SeleniumLibrary">
<arg>${CAMPO_EMAIL}</arg>
<arg>${EMAIL_CADASTRO}</arg>
<doc>Types the given ``text`` into the text field identified by ``locator``.</doc>
<msg timestamp="20220221 08:36:59.170" level="INFO">Typing text 'viniciustestefast@gmail.com' into text field '//*[@id="ap_email"]'.</msg>
<status status="PASS" starttime="20220221 08:36:59.169" endtime="20220221 08:36:59.266"/>
</kw>
<kw name="Log To Console" library="BuiltIn">
<arg>***Tela 3</arg>
<doc>Logs the given message to the console.</doc>
<status status="PASS" starttime="20220221 08:36:59.266" endtime="20220221 08:36:59.267"/>
</kw>
<kw name="Capture Page Screenshot" library="SeleniumLibrary">
<doc>Takes a screenshot of the current page and embeds it into a log file.</doc>
<msg timestamp="20220221 08:36:59.662" level="INFO" html="true">&lt;/td&gt;&lt;/tr&gt;&lt;tr&gt;&lt;td colspan="3"&gt;&lt;a href="selenium-screenshot-3.png"&gt;&lt;img src="selenium-screenshot-3.png" width="800px"&gt;&lt;/a&gt;</msg>
<status status="PASS" starttime="20220221 08:36:59.267" endtime="20220221 08:36:59.662"/>
</kw>
<kw name="Click Element" library="SeleniumLibrary">
<arg>${BOTAO_PROSSEGUIR}</arg>
<doc>Click the element identified by ``locator``.</doc>
<msg timestamp="20220221 08:36:59.663" level="INFO">Clicking element '//*[@id="continue"]'.</msg>
<status status="PASS" starttime="20220221 08:36:59.663" endtime="20220221 08:37:00.384"/>
</kw>
<kw name="Sleep" library="BuiltIn">
<arg>3</arg>
<doc>Pauses the test executed for the given time.</doc>
<msg timestamp="20220221 08:37:03.386" level="INFO">Slept 3 seconds</msg>
<status status="PASS" starttime="20220221 08:37:00.384" endtime="20220221 08:37:03.386"/>
</kw>
<kw name="Input Text" library="SeleniumLibrary">
<arg>${CAMPO_SENHA}</arg>
<arg>${SENHA_CADASTRO}</arg>
<doc>Types the given ``text`` into the text field identified by ``locator``.</doc>
<msg timestamp="20220221 08:37:03.387" level="INFO">Typing text 'Senha#123' into text field '//*[@id="ap_password"]'.</msg>
<status status="PASS" starttime="20220221 08:37:03.387" endtime="20220221 08:37:03.448"/>
</kw>
<kw name="Log To Console" library="BuiltIn">
<arg>***Tela 4</arg>
<doc>Logs the given message to the console.</doc>
<status status="PASS" starttime="20220221 08:37:03.448" endtime="20220221 08:37:03.448"/>
</kw>
<kw name="Capture Page Screenshot" library="SeleniumLibrary">
<doc>Takes a screenshot of the current page and embeds it into a log file.</doc>
<msg timestamp="20220221 08:37:03.681" level="INFO" html="true">&lt;/td&gt;&lt;/tr&gt;&lt;tr&gt;&lt;td colspan="3"&gt;&lt;a href="selenium-screenshot-4.png"&gt;&lt;img src="selenium-screenshot-4.png" width="800px"&gt;&lt;/a&gt;</msg>
<status status="PASS" starttime="20220221 08:37:03.448" endtime="20220221 08:37:03.682"/>
</kw>
<kw name="Click Element" library="SeleniumLibrary">
<arg>${BOTAO_LOGAR}</arg>
<doc>Click the element identified by ``locator``.</doc>
<msg timestamp="20220221 08:37:03.682" level="INFO">Clicking element '//*[@id="signInSubmit"]'.</msg>
<status status="PASS" starttime="20220221 08:37:03.682" endtime="20220221 08:37:04.804"/>
</kw>
<status status="PASS" starttime="20220221 08:36:59.169" endtime="20220221 08:37:04.804"/>
</kw>
<status status="PASS" starttime="20220221 08:36:59.169" endtime="20220221 08:37:04.805"/>
</kw>
<kw name="Então devo receber o alerta de que a senha está incorreta">
<kw name="Validar alerta de senha incorreta" library="resources">
<kw name="Log To Console" library="BuiltIn">
<arg>***Tela 5</arg>
<doc>Logs the given message to the console.</doc>
<status status="PASS" starttime="20220221 08:37:04.806" endtime="20220221 08:37:04.806"/>
</kw>
<kw name="Wait Until Element Is Visible" library="SeleniumLibrary">
<arg>${SPAM_ERROR}</arg>
<doc>Waits until the element ``locator`` is visible.</doc>
<status status="PASS" starttime="20220221 08:37:04.806" endtime="20220221 08:37:04.834"/>
</kw>
<kw name="Capture Page Screenshot" library="SeleniumLibrary">
<doc>Takes a screenshot of the current page and embeds it into a log file.</doc>
<msg timestamp="20220221 08:37:05.075" level="INFO" html="true">&lt;/td&gt;&lt;/tr&gt;&lt;tr&gt;&lt;td colspan="3"&gt;&lt;a href="selenium-screenshot-5.png"&gt;&lt;img src="selenium-screenshot-5.png" width="800px"&gt;&lt;/a&gt;</msg>
<status status="PASS" starttime="20220221 08:37:04.834" endtime="20220221 08:37:05.076"/>
</kw>
<status status="PASS" starttime="20220221 08:37:04.805" endtime="20220221 08:37:05.076"/>
</kw>
<status status="PASS" starttime="20220221 08:37:04.805" endtime="20220221 08:37:05.076"/>
</kw>
<kw name="Fechar Navegador" library="resources" type="TEARDOWN">
<kw name="Close Browser" library="SeleniumLibrary">
<doc>Closes the current browser.</doc>
<status status="PASS" starttime="20220221 08:37:05.076" endtime="20220221 08:37:05.182"/>
</kw>
<status status="PASS" starttime="20220221 08:37:05.076" endtime="20220221 08:37:05.182"/>
</kw>
<status status="PASS" starttime="20220221 08:36:46.622" endtime="20220221 08:37:05.182"/>
</test>
<doc>Prova técnica Bees
Primeiro desafio
1. Escolha um site (sim, qualquer um);
2. Escolha uma funcionalidade desse site;
3. Escreva um caso de teste, em Gherkin, considerando um caminho infeliz e automatize-o utilizando Robot Framework
(https://robotframework.org/)
-Objetivo deste teste é não realizar o login com um e-mail cadastrado corretamente, porém passando uma senha
incorreta, validando o retorno do elemento exibindo a div com a mensagem de erro.</doc>
<status status="PASS" starttime="20220221 08:36:46.294" endtime="20220221 08:37:05.183"/>
</suite>
<statistics>
<total>
<stat pass="1" fail="0" skip="0">All Tests</stat>
</total>
<tag>
</tag>
<suite>
<stat pass="1" fail="0" skip="0" id="s1" name="Teste Login">Teste Login</stat>
</suite>
</statistics>
<errors>
</errors>
</robot>
